I, [2024-08-04T17:28:50.373207 #1375]  INFO -- : Migrating to DeviseCreateUsers (20231111103932)
I, [2024-08-04T17:28:50.413900 #1375]  INFO -- : Migrating to CreateFolders (20231111113738)
I, [2024-08-04T17:28:50.425352 #1375]  INFO -- : Migrating to CreateTasks (20231111115835)
I, [2024-08-04T17:28:50.442534 #1375]  INFO -- : Migrating to CreateArchives (20231119104853)
I, [2024-08-04T17:28:50.460906 #1375]  INFO -- : Migrating to RemoveFolderToTasks (20231119111823)
I, [2024-08-04T17:28:50.641051 #1375]  INFO -- : Migrating to RemoveFolderToArchives (20231119112058)
I, [2024-08-04T17:28:50.668915 #1375]  INFO -- : Migrating to AddTaskToArchives (20231119113950)
I, [2024-08-04T17:28:50.735614 #1375]  INFO -- : Migrating to RemoveTask2ToArchives (20231119120929)
I, [2024-08-04T17:54:11.311990 #2149]  INFO -- : [ae9915cf-d620-405f-91ec-b2cddb2c37ef] Started GET "/" for 133.106.46.37 at 2024-08-04 17:54:11 +0900
I, [2024-08-04T17:54:11.317852 #2149]  INFO -- : [ae9915cf-d620-405f-91ec-b2cddb2c37ef] Processing by TasksController#index as HTML
I, [2024-08-04T17:54:11.324808 #2149]  INFO -- : [ae9915cf-d620-405f-91ec-b2cddb2c37ef] Completed 401 Unauthorized in 7ms (ActiveRecord: 0.0ms | Allocations: 566)
I, [2024-08-04T17:54:11.417432 #2149]  INFO -- : [99f42d4e-44dc-45fb-9ba4-c38407a27ddf] Started GET "/users/sign_in" for 133.106.46.37 at 2024-08-04 17:54:11 +0900
I, [2024-08-04T17:54:11.418946 #2149]  INFO -- : [99f42d4e-44dc-45fb-9ba4-c38407a27ddf] Processing by Devise::SessionsController#new as HTML
I, [2024-08-04T17:54:11.476520 #2149]  INFO -- : [99f42d4e-44dc-45fb-9ba4-c38407a27ddf]   Rendered devise/sessions/new.html.erb within layouts/application (Duration: 24.3ms | Allocations: 2717)
I, [2024-08-04T17:54:11.480389 #2149]  INFO -- : [99f42d4e-44dc-45fb-9ba4-c38407a27ddf]   Rendered layout layouts/application.html.erb (Duration: 28.3ms | Allocations: 3328)
I, [2024-08-04T17:54:11.480590 #2149]  INFO -- : [99f42d4e-44dc-45fb-9ba4-c38407a27ddf] Completed 500 Internal Server Error in 62ms (ActiveRecord: 6.9ms | Allocations: 11646)
F, [2024-08-04T17:54:11.481655 #2149] FATAL -- : [99f42d4e-44dc-45fb-9ba4-c38407a27ddf]   
[99f42d4e-44dc-45fb-9ba4-c38407a27ddf] ActionView::Template::Error (The asset "application.css" is not present in the asset pipeline.
):
[99f42d4e-44dc-45fb-9ba4-c38407a27ddf]      6:     <%= csrf_meta_tags %>
[99f42d4e-44dc-45fb-9ba4-c38407a27ddf]      7:     <%= csp_meta_tag %>
[99f42d4e-44dc-45fb-9ba4-c38407a27ddf]      8:     <link rel="stylesheet" type="text/css" href="https://cdnjs.cloudflare.com/ajax/libs/normalize/8.0.1/normalize.css">
[99f42d4e-44dc-45fb-9ba4-c38407a27ddf]      9:     <%= stylesheet_link_tag "application", "data-turbo-track": "reload" %>
[99f42d4e-44dc-45fb-9ba4-c38407a27ddf]     10:     <%= javascript_importmap_tags %>
[99f42d4e-44dc-45fb-9ba4-c38407a27ddf]     11:   </head>
[99f42d4e-44dc-45fb-9ba4-c38407a27ddf]     12: 
[99f42d4e-44dc-45fb-9ba4-c38407a27ddf]   
[99f42d4e-44dc-45fb-9ba4-c38407a27ddf] app/views/layouts/application.html.erb:9
I, [2024-08-04T17:55:53.691367 #2149]  INFO -- : [16584ce2-4118-471e-beb7-da98c8ec7ed0] Started GET "/users/sign_in" for 133.106.46.37 at 2024-08-04 17:55:53 +0900
I, [2024-08-04T17:55:53.692194 #2149]  INFO -- : [16584ce2-4118-471e-beb7-da98c8ec7ed0] Processing by Devise::SessionsController#new as HTML
I, [2024-08-04T17:55:53.696170 #2149]  INFO -- : [16584ce2-4118-471e-beb7-da98c8ec7ed0]   Rendered devise/sessions/new.html.erb within layouts/application (Duration: 2.9ms | Allocations: 941)
I, [2024-08-04T17:55:53.696720 #2149]  INFO -- : [16584ce2-4118-471e-beb7-da98c8ec7ed0]   Rendered layout layouts/application.html.erb (Duration: 3.5ms | Allocations: 1239)
I, [2024-08-04T17:55:53.696831 #2149]  INFO -- : [16584ce2-4118-471e-beb7-da98c8ec7ed0] Completed 500 Internal Server Error in 5ms (ActiveRecord: 0.0ms | Allocations: 1656)
F, [2024-08-04T17:55:53.697762 #2149] FATAL -- : [16584ce2-4118-471e-beb7-da98c8ec7ed0]   
[16584ce2-4118-471e-beb7-da98c8ec7ed0] ActionView::Template::Error (The asset "application.css" is not present in the asset pipeline.
):
[16584ce2-4118-471e-beb7-da98c8ec7ed0]      6:     <%= csrf_meta_tags %>
[16584ce2-4118-471e-beb7-da98c8ec7ed0]      7:     <%= csp_meta_tag %>
[16584ce2-4118-471e-beb7-da98c8ec7ed0]      8:     <link rel="stylesheet" type="text/css" href="https://cdnjs.cloudflare.com/ajax/libs/normalize/8.0.1/normalize.css">
[16584ce2-4118-471e-beb7-da98c8ec7ed0]      9:     <%= stylesheet_link_tag "application", "data-turbo-track": "reload" %>
[16584ce2-4118-471e-beb7-da98c8ec7ed0]     10:     <%= javascript_importmap_tags %>
[16584ce2-4118-471e-beb7-da98c8ec7ed0]     11:   </head>
[16584ce2-4118-471e-beb7-da98c8ec7ed0]     12: 
[16584ce2-4118-471e-beb7-da98c8ec7ed0]   
[16584ce2-4118-471e-beb7-da98c8ec7ed0] app/views/layouts/application.html.erb:9
I, [2024-08-04T17:57:29.326512 #2149]  INFO -- : [43b9e717-b278-4771-9551-0f83f88c30fc] Started GET "/users/sign_in" for 133.106.46.37 at 2024-08-04 17:57:29 +0900
I, [2024-08-04T17:57:29.327319 #2149]  INFO -- : [43b9e717-b278-4771-9551-0f83f88c30fc] Processing by Devise::SessionsController#new as HTML
I, [2024-08-04T17:57:29.330928 #2149]  INFO -- : [43b9e717-b278-4771-9551-0f83f88c30fc]   Rendered devise/sessions/new.html.erb within layouts/application (Duration: 2.6ms | Allocations: 941)
I, [2024-08-04T17:57:29.331556 #2149]  INFO -- : [43b9e717-b278-4771-9551-0f83f88c30fc]   Rendered layout layouts/application.html.erb (Duration: 3.2ms | Allocations: 1239)
I, [2024-08-04T17:57:29.331694 #2149]  INFO -- : [43b9e717-b278-4771-9551-0f83f88c30fc] Completed 500 Internal Server Error in 4ms (ActiveRecord: 0.0ms | Allocations: 1656)
F, [2024-08-04T17:57:29.332680 #2149] FATAL -- : [43b9e717-b278-4771-9551-0f83f88c30fc]   
[43b9e717-b278-4771-9551-0f83f88c30fc] ActionView::Template::Error (The asset "application.css" is not present in the asset pipeline.
):
[43b9e717-b278-4771-9551-0f83f88c30fc]      6:     <%= csrf_meta_tags %>
[43b9e717-b278-4771-9551-0f83f88c30fc]      7:     <%= csp_meta_tag %>
[43b9e717-b278-4771-9551-0f83f88c30fc]      8:     <link rel="stylesheet" type="text/css" href="https://cdnjs.cloudflare.com/ajax/libs/normalize/8.0.1/normalize.css">
[43b9e717-b278-4771-9551-0f83f88c30fc]      9:     <%= stylesheet_link_tag "application", "data-turbo-track": "reload" %>
[43b9e717-b278-4771-9551-0f83f88c30fc]     10:     <%= javascript_importmap_tags %>
[43b9e717-b278-4771-9551-0f83f88c30fc]     11:   </head>
[43b9e717-b278-4771-9551-0f83f88c30fc]     12: 
[43b9e717-b278-4771-9551-0f83f88c30fc]   
[43b9e717-b278-4771-9551-0f83f88c30fc] app/views/layouts/application.html.erb:9
I, [2024-08-04T17:57:29.513208 #2149]  INFO -- : [b39644de-438e-46b0-82ff-f06d06c667e3] Started GET "/users/sign_in" for 133.106.46.37 at 2024-08-04 17:57:29 +0900
I, [2024-08-04T17:57:29.513989 #2149]  INFO -- : [b39644de-438e-46b0-82ff-f06d06c667e3] Processing by Devise::SessionsController#new as HTML
I, [2024-08-04T17:57:29.517870 #2149]  INFO -- : [b39644de-438e-46b0-82ff-f06d06c667e3]   Rendered devise/sessions/new.html.erb within layouts/application (Duration: 2.9ms | Allocations: 941)
I, [2024-08-04T17:57:29.518461 #2149]  INFO -- : [b39644de-438e-46b0-82ff-f06d06c667e3]   Rendered layout layouts/application.html.erb (Duration: 3.5ms | Allocations: 1239)
I, [2024-08-04T17:57:29.518584 #2149]  INFO -- : [b39644de-438e-46b0-82ff-f06d06c667e3] Completed 500 Internal Server Error in 5ms (ActiveRecord: 0.0ms | Allocations: 1656)
F, [2024-08-04T17:57:29.519548 #2149] FATAL -- : [b39644de-438e-46b0-82ff-f06d06c667e3]   
[b39644de-438e-46b0-82ff-f06d06c667e3] ActionView::Template::Error (The asset "application.css" is not present in the asset pipeline.
):
[b39644de-438e-46b0-82ff-f06d06c667e3]      6:     <%= csrf_meta_tags %>
[b39644de-438e-46b0-82ff-f06d06c667e3]      7:     <%= csp_meta_tag %>
[b39644de-438e-46b0-82ff-f06d06c667e3]      8:     <link rel="stylesheet" type="text/css" href="https://cdnjs.cloudflare.com/ajax/libs/normalize/8.0.1/normalize.css">
[b39644de-438e-46b0-82ff-f06d06c667e3]      9:     <%= stylesheet_link_tag "application", "data-turbo-track": "reload" %>
[b39644de-438e-46b0-82ff-f06d06c667e3]     10:     <%= javascript_importmap_tags %>
[b39644de-438e-46b0-82ff-f06d06c667e3]     11:   </head>
[b39644de-438e-46b0-82ff-f06d06c667e3]     12: 
[b39644de-438e-46b0-82ff-f06d06c667e3]   
[b39644de-438e-46b0-82ff-f06d06c667e3] app/views/layouts/application.html.erb:9
I, [2024-08-04T17:57:56.689292 #2149]  INFO -- : [ca751e71-32a5-4c91-b9d5-f097d2d83aaa] Started GET "/" for 133.106.46.37 at 2024-08-04 17:57:56 +0900
I, [2024-08-04T17:57:56.690032 #2149]  INFO -- : [ca751e71-32a5-4c91-b9d5-f097d2d83aaa] Processing by TasksController#index as HTML
I, [2024-08-04T17:57:56.690547 #2149]  INFO -- : [ca751e71-32a5-4c91-b9d5-f097d2d83aaa] Completed 401 Unauthorized in 0ms (ActiveRecord: 0.0ms | Allocations: 152)
I, [2024-08-04T17:57:56.758950 #2149]  INFO -- : [644cce24-b86f-48c3-abb1-009f06ae50d3] Started GET "/users/sign_in" for 133.106.46.37 at 2024-08-04 17:57:56 +0900
I, [2024-08-04T17:57:56.760520 #2149]  INFO -- : [644cce24-b86f-48c3-abb1-009f06ae50d3] Processing by Devise::SessionsController#new as HTML
I, [2024-08-04T17:57:56.763623 #2149]  INFO -- : [644cce24-b86f-48c3-abb1-009f06ae50d3]   Rendered devise/sessions/new.html.erb within layouts/application (Duration: 1.5ms | Allocations: 935)
I, [2024-08-04T17:57:56.764188 #2149]  INFO -- : [644cce24-b86f-48c3-abb1-009f06ae50d3]   Rendered layout layouts/application.html.erb (Duration: 2.0ms | Allocations: 1233)
I, [2024-08-04T17:57:56.764304 #2149]  INFO -- : [644cce24-b86f-48c3-abb1-009f06ae50d3] Completed 500 Internal Server Error in 4ms (ActiveRecord: 0.0ms | Allocations: 1778)
F, [2024-08-04T17:57:56.765100 #2149] FATAL -- : [644cce24-b86f-48c3-abb1-009f06ae50d3]   
[644cce24-b86f-48c3-abb1-009f06ae50d3] ActionView::Template::Error (The asset "application.css" is not present in the asset pipeline.
):
[644cce24-b86f-48c3-abb1-009f06ae50d3]      6:     <%= csrf_meta_tags %>
[644cce24-b86f-48c3-abb1-009f06ae50d3]      7:     <%= csp_meta_tag %>
[644cce24-b86f-48c3-abb1-009f06ae50d3]      8:     <link rel="stylesheet" type="text/css" href="https://cdnjs.cloudflare.com/ajax/libs/normalize/8.0.1/normalize.css">
[644cce24-b86f-48c3-abb1-009f06ae50d3]      9:     <%= stylesheet_link_tag "application", "data-turbo-track": "reload" %>
[644cce24-b86f-48c3-abb1-009f06ae50d3]     10:     <%= javascript_importmap_tags %>
[644cce24-b86f-48c3-abb1-009f06ae50d3]     11:   </head>
[644cce24-b86f-48c3-abb1-009f06ae50d3]     12: 
[644cce24-b86f-48c3-abb1-009f06ae50d3]   
[644cce24-b86f-48c3-abb1-009f06ae50d3] app/views/layouts/application.html.erb:9
I, [2024-08-04T17:59:34.861461 #2149]  INFO -- : [1890eeb3-80d2-43d9-a704-ddf57ef1a338] Started GET "/users/sign_in" for 133.106.46.37 at 2024-08-04 17:59:34 +0900
I, [2024-08-04T17:59:34.862226 #2149]  INFO -- : [1890eeb3-80d2-43d9-a704-ddf57ef1a338] Processing by Devise::SessionsController#new as HTML
I, [2024-08-04T17:59:34.864892 #2149]  INFO -- : [1890eeb3-80d2-43d9-a704-ddf57ef1a338]   Rendered devise/sessions/new.html.erb within layouts/application (Duration: 1.5ms | Allocations: 935)
I, [2024-08-04T17:59:34.865456 #2149]  INFO -- : [1890eeb3-80d2-43d9-a704-ddf57ef1a338]   Rendered layout layouts/application.html.erb (Duration: 2.1ms | Allocations: 1233)
I, [2024-08-04T17:59:34.865573 #2149]  INFO -- : [1890eeb3-80d2-43d9-a704-ddf57ef1a338] Completed 500 Internal Server Error in 3ms (ActiveRecord: 0.0ms | Allocations: 1778)
F, [2024-08-04T17:59:34.866782 #2149] FATAL -- : [1890eeb3-80d2-43d9-a704-ddf57ef1a338]   
[1890eeb3-80d2-43d9-a704-ddf57ef1a338] ActionView::Template::Error (The asset "application.css" is not present in the asset pipeline.
):
[1890eeb3-80d2-43d9-a704-ddf57ef1a338]      6:     <%= csrf_meta_tags %>
[1890eeb3-80d2-43d9-a704-ddf57ef1a338]      7:     <%= csp_meta_tag %>
[1890eeb3-80d2-43d9-a704-ddf57ef1a338]      8:     <link rel="stylesheet" type="text/css" href="https://cdnjs.cloudflare.com/ajax/libs/normalize/8.0.1/normalize.css">
[1890eeb3-80d2-43d9-a704-ddf57ef1a338]      9:     <%= stylesheet_link_tag "application", "data-turbo-track": "reload" %>
[1890eeb3-80d2-43d9-a704-ddf57ef1a338]     10:     <%= javascript_importmap_tags %>
[1890eeb3-80d2-43d9-a704-ddf57ef1a338]     11:   </head>
[1890eeb3-80d2-43d9-a704-ddf57ef1a338]     12: 
[1890eeb3-80d2-43d9-a704-ddf57ef1a338]   
[1890eeb3-80d2-43d9-a704-ddf57ef1a338] app/views/layouts/application.html.erb:9
I, [2024-08-04T18:06:46.515849 #2149]  INFO -- : [29c1194c-405c-4b8b-9095-75c2fa401ba8] Started GET "/users/sign_in" for 133.106.46.37 at 2024-08-04 18:06:46 +0900
I, [2024-08-04T18:06:46.516623 #2149]  INFO -- : [29c1194c-405c-4b8b-9095-75c2fa401ba8] Processing by Devise::SessionsController#new as HTML
I, [2024-08-04T18:06:46.519171 #2149]  INFO -- : [29c1194c-405c-4b8b-9095-75c2fa401ba8]   Rendered devise/sessions/new.html.erb within layouts/application (Duration: 1.4ms | Allocations: 935)
I, [2024-08-04T18:06:46.519694 #2149]  INFO -- : [29c1194c-405c-4b8b-9095-75c2fa401ba8]   Rendered layout layouts/application.html.erb (Duration: 2.0ms | Allocations: 1233)
I, [2024-08-04T18:06:46.519821 #2149]  INFO -- : [29c1194c-405c-4b8b-9095-75c2fa401ba8] Completed 500 Internal Server Error in 3ms (ActiveRecord: 0.0ms | Allocations: 1778)
F, [2024-08-04T18:06:46.521062 #2149] FATAL -- : [29c1194c-405c-4b8b-9095-75c2fa401ba8]   
[29c1194c-405c-4b8b-9095-75c2fa401ba8] ActionView::Template::Error (The asset "application.css" is not present in the asset pipeline.
):
[29c1194c-405c-4b8b-9095-75c2fa401ba8]      6:     <%= csrf_meta_tags %>
[29c1194c-405c-4b8b-9095-75c2fa401ba8]      7:     <%= csp_meta_tag %>
[29c1194c-405c-4b8b-9095-75c2fa401ba8]      8:     <link rel="stylesheet" type="text/css" href="https://cdnjs.cloudflare.com/ajax/libs/normalize/8.0.1/normalize.css">
[29c1194c-405c-4b8b-9095-75c2fa401ba8]      9:     <%= stylesheet_link_tag "application", "data-turbo-track": "reload" %>
[29c1194c-405c-4b8b-9095-75c2fa401ba8]     10:     <%= javascript_importmap_tags %>
[29c1194c-405c-4b8b-9095-75c2fa401ba8]     11:   </head>
[29c1194c-405c-4b8b-9095-75c2fa401ba8]     12: 
[29c1194c-405c-4b8b-9095-75c2fa401ba8]   
[29c1194c-405c-4b8b-9095-75c2fa401ba8] app/views/layouts/application.html.erb:9
I, [2024-08-04T18:07:04.916770 #2149]  INFO -- : [f6e606ba-ba08-4b5e-9b96-dcb425f690ae] Started GET "/users/sign_in" for 133.106.46.37 at 2024-08-04 18:07:04 +0900
I, [2024-08-04T18:07:04.917549 #2149]  INFO -- : [f6e606ba-ba08-4b5e-9b96-dcb425f690ae] Processing by Devise::SessionsController#new as HTML
I, [2024-08-04T18:07:04.920114 #2149]  INFO -- : [f6e606ba-ba08-4b5e-9b96-dcb425f690ae]   Rendered devise/sessions/new.html.erb within layouts/application (Duration: 1.5ms | Allocations: 935)
I, [2024-08-04T18:07:04.920707 #2149]  INFO -- : [f6e606ba-ba08-4b5e-9b96-dcb425f690ae]   Rendered layout layouts/application.html.erb (Duration: 2.1ms | Allocations: 1233)
I, [2024-08-04T18:07:04.920823 #2149]  INFO -- : [f6e606ba-ba08-4b5e-9b96-dcb425f690ae] Completed 500 Internal Server Error in 3ms (ActiveRecord: 0.0ms | Allocations: 1778)
F, [2024-08-04T18:07:04.922798 #2149] FATAL -- : [f6e606ba-ba08-4b5e-9b96-dcb425f690ae]   
[f6e606ba-ba08-4b5e-9b96-dcb425f690ae] ActionView::Template::Error (The asset "application.css" is not present in the asset pipeline.
):
[f6e606ba-ba08-4b5e-9b96-dcb425f690ae]      6:     <%= csrf_meta_tags %>
[f6e606ba-ba08-4b5e-9b96-dcb425f690ae]      7:     <%= csp_meta_tag %>
[f6e606ba-ba08-4b5e-9b96-dcb425f690ae]      8:     <link rel="stylesheet" type="text/css" href="https://cdnjs.cloudflare.com/ajax/libs/normalize/8.0.1/normalize.css">
[f6e606ba-ba08-4b5e-9b96-dcb425f690ae]      9:     <%= stylesheet_link_tag "application", "data-turbo-track": "reload" %>
[f6e606ba-ba08-4b5e-9b96-dcb425f690ae]     10:     <%= javascript_importmap_tags %>
[f6e606ba-ba08-4b5e-9b96-dcb425f690ae]     11:   </head>
[f6e606ba-ba08-4b5e-9b96-dcb425f690ae]     12: 
[f6e606ba-ba08-4b5e-9b96-dcb425f690ae]   
[f6e606ba-ba08-4b5e-9b96-dcb425f690ae] app/views/layouts/application.html.erb:9
I, [2024-08-04T18:07:05.600264 #2149]  INFO -- : [a858b4d5-e917-4dcf-954c-cceedfe16546] Started GET "/users/sign_in" for 133.106.46.37 at 2024-08-04 18:07:05 +0900
I, [2024-08-04T18:07:05.601029 #2149]  INFO -- : [a858b4d5-e917-4dcf-954c-cceedfe16546] Processing by Devise::SessionsController#new as HTML
I, [2024-08-04T18:07:05.603732 #2149]  INFO -- : [a858b4d5-e917-4dcf-954c-cceedfe16546]   Rendered devise/sessions/new.html.erb within layouts/application (Duration: 1.5ms | Allocations: 935)
I, [2024-08-04T18:07:05.604336 #2149]  INFO -- : [a858b4d5-e917-4dcf-954c-cceedfe16546]   Rendered layout layouts/application.html.erb (Duration: 2.1ms | Allocations: 1233)
I, [2024-08-04T18:07:05.604453 #2149]  INFO -- : [a858b4d5-e917-4dcf-954c-cceedfe16546] Completed 500 Internal Server Error in 3ms (ActiveRecord: 0.0ms | Allocations: 1778)
F, [2024-08-04T18:07:05.606901 #2149] FATAL -- : [a858b4d5-e917-4dcf-954c-cceedfe16546]   
[a858b4d5-e917-4dcf-954c-cceedfe16546] ActionView::Template::Error (The asset "application.css" is not present in the asset pipeline.
):
[a858b4d5-e917-4dcf-954c-cceedfe16546]      6:     <%= csrf_meta_tags %>
[a858b4d5-e917-4dcf-954c-cceedfe16546]      7:     <%= csp_meta_tag %>
[a858b4d5-e917-4dcf-954c-cceedfe16546]      8:     <link rel="stylesheet" type="text/css" href="https://cdnjs.cloudflare.com/ajax/libs/normalize/8.0.1/normalize.css">
[a858b4d5-e917-4dcf-954c-cceedfe16546]      9:     <%= stylesheet_link_tag "application", "data-turbo-track": "reload" %>
[a858b4d5-e917-4dcf-954c-cceedfe16546]     10:     <%= javascript_importmap_tags %>
[a858b4d5-e917-4dcf-954c-cceedfe16546]     11:   </head>
[a858b4d5-e917-4dcf-954c-cceedfe16546]     12: 
[a858b4d5-e917-4dcf-954c-cceedfe16546]   
[a858b4d5-e917-4dcf-954c-cceedfe16546] app/views/layouts/application.html.erb:9
I, [2024-08-04T18:07:05.755075 #2149]  INFO -- : [9a8665b7-9ffb-4ed5-9b83-0ef0dc33e7c0] Started GET "/users/sign_in" for 133.106.46.37 at 2024-08-04 18:07:05 +0900
I, [2024-08-04T18:07:05.755887 #2149]  INFO -- : [9a8665b7-9ffb-4ed5-9b83-0ef0dc33e7c0] Processing by Devise::SessionsController#new as HTML
I, [2024-08-04T18:07:05.758555 #2149]  INFO -- : [9a8665b7-9ffb-4ed5-9b83-0ef0dc33e7c0]   Rendered devise/sessions/new.html.erb within layouts/application (Duration: 1.4ms | Allocations: 935)
I, [2024-08-04T18:07:05.759082 #2149]  INFO -- : [9a8665b7-9ffb-4ed5-9b83-0ef0dc33e7c0]   Rendered layout layouts/application.html.erb (Duration: 2.0ms | Allocations: 1233)
I, [2024-08-04T18:07:05.759195 #2149]  INFO -- : [9a8665b7-9ffb-4ed5-9b83-0ef0dc33e7c0] Completed 500 Internal Server Error in 3ms (ActiveRecord: 0.0ms | Allocations: 1778)
F, [2024-08-04T18:07:05.760125 #2149] FATAL -- : [9a8665b7-9ffb-4ed5-9b83-0ef0dc33e7c0]   
[9a8665b7-9ffb-4ed5-9b83-0ef0dc33e7c0] ActionView::Template::Error (The asset "application.css" is not present in the asset pipeline.
):
[9a8665b7-9ffb-4ed5-9b83-0ef0dc33e7c0]      6:     <%= csrf_meta_tags %>
[9a8665b7-9ffb-4ed5-9b83-0ef0dc33e7c0]      7:     <%= csp_meta_tag %>
[9a8665b7-9ffb-4ed5-9b83-0ef0dc33e7c0]      8:     <link rel="stylesheet" type="text/css" href="https://cdnjs.cloudflare.com/ajax/libs/normalize/8.0.1/normalize.css">
[9a8665b7-9ffb-4ed5-9b83-0ef0dc33e7c0]      9:     <%= stylesheet_link_tag "application", "data-turbo-track": "reload" %>
[9a8665b7-9ffb-4ed5-9b83-0ef0dc33e7c0]     10:     <%= javascript_importmap_tags %>
[9a8665b7-9ffb-4ed5-9b83-0ef0dc33e7c0]     11:   </head>
[9a8665b7-9ffb-4ed5-9b83-0ef0dc33e7c0]     12: 
[9a8665b7-9ffb-4ed5-9b83-0ef0dc33e7c0]   
[9a8665b7-9ffb-4ed5-9b83-0ef0dc33e7c0] app/views/layouts/application.html.erb:9
I, [2024-08-04T18:07:05.895738 #2149]  INFO -- : [226f6069-60dc-404b-8716-bab33614e15e] Started GET "/users/sign_in" for 133.106.46.37 at 2024-08-04 18:07:05 +0900
I, [2024-08-04T18:07:05.896481 #2149]  INFO -- : [226f6069-60dc-404b-8716-bab33614e15e] Processing by Devise::SessionsController#new as HTML
I, [2024-08-04T18:07:05.899140 #2149]  INFO -- : [226f6069-60dc-404b-8716-bab33614e15e]   Rendered devise/sessions/new.html.erb within layouts/application (Duration: 1.5ms | Allocations: 935)
I, [2024-08-04T18:07:05.899709 #2149]  INFO -- : [226f6069-60dc-404b-8716-bab33614e15e]   Rendered layout layouts/application.html.erb (Duration: 2.0ms | Allocations: 1233)
I, [2024-08-04T18:07:05.899846 #2149]  INFO -- : [226f6069-60dc-404b-8716-bab33614e15e] Completed 500 Internal Server Error in 3ms (ActiveRecord: 0.0ms | Allocations: 1778)
F, [2024-08-04T18:07:05.900992 #2149] FATAL -- : [226f6069-60dc-404b-8716-bab33614e15e]   
[226f6069-60dc-404b-8716-bab33614e15e] ActionView::Template::Error (The asset "application.css" is not present in the asset pipeline.
):
[226f6069-60dc-404b-8716-bab33614e15e]      6:     <%= csrf_meta_tags %>
[226f6069-60dc-404b-8716-bab33614e15e]      7:     <%= csp_meta_tag %>
[226f6069-60dc-404b-8716-bab33614e15e]      8:     <link rel="stylesheet" type="text/css" href="https://cdnjs.cloudflare.com/ajax/libs/normalize/8.0.1/normalize.css">
[226f6069-60dc-404b-8716-bab33614e15e]      9:     <%= stylesheet_link_tag "application", "data-turbo-track": "reload" %>
[226f6069-60dc-404b-8716-bab33614e15e]     10:     <%= javascript_importmap_tags %>
[226f6069-60dc-404b-8716-bab33614e15e]     11:   </head>
[226f6069-60dc-404b-8716-bab33614e15e]     12: 
[226f6069-60dc-404b-8716-bab33614e15e]   
[226f6069-60dc-404b-8716-bab33614e15e] app/views/layouts/application.html.erb:9
I, [2024-08-04T18:07:08.690182 #2149]  INFO -- : [7e985218-fcac-49fd-8cf3-629cfa15701c] Started GET "/users/sign_in" for 133.106.46.37 at 2024-08-04 18:07:08 +0900
I, [2024-08-04T18:07:08.690968 #2149]  INFO -- : [7e985218-fcac-49fd-8cf3-629cfa15701c] Processing by Devise::SessionsController#new as HTML
I, [2024-08-04T18:07:08.693704 #2149]  INFO -- : [7e985218-fcac-49fd-8cf3-629cfa15701c]   Rendered devise/sessions/new.html.erb within layouts/application (Duration: 1.5ms | Allocations: 935)
I, [2024-08-04T18:07:08.694281 #2149]  INFO -- : [7e985218-fcac-49fd-8cf3-629cfa15701c]   Rendered layout layouts/application.html.erb (Duration: 2.1ms | Allocations: 1233)
I, [2024-08-04T18:07:08.694397 #2149]  INFO -- : [7e985218-fcac-49fd-8cf3-629cfa15701c] Completed 500 Internal Server Error in 3ms (ActiveRecord: 0.0ms | Allocations: 1778)
F, [2024-08-04T18:07:08.695219 #2149] FATAL -- : [7e985218-fcac-49fd-8cf3-629cfa15701c]   
[7e985218-fcac-49fd-8cf3-629cfa15701c] ActionView::Template::Error (The asset "application.css" is not present in the asset pipeline.
):
[7e985218-fcac-49fd-8cf3-629cfa15701c]      6:     <%= csrf_meta_tags %>
[7e985218-fcac-49fd-8cf3-629cfa15701c]      7:     <%= csp_meta_tag %>
[7e985218-fcac-49fd-8cf3-629cfa15701c]      8:     <link rel="stylesheet" type="text/css" href="https://cdnjs.cloudflare.com/ajax/libs/normalize/8.0.1/normalize.css">
[7e985218-fcac-49fd-8cf3-629cfa15701c]      9:     <%= stylesheet_link_tag "application", "data-turbo-track": "reload" %>
[7e985218-fcac-49fd-8cf3-629cfa15701c]     10:     <%= javascript_importmap_tags %>
[7e985218-fcac-49fd-8cf3-629cfa15701c]     11:   </head>
[7e985218-fcac-49fd-8cf3-629cfa15701c]     12: 
[7e985218-fcac-49fd-8cf3-629cfa15701c]   
[7e985218-fcac-49fd-8cf3-629cfa15701c] app/views/layouts/application.html.erb:9
I, [2024-08-04T18:07:09.210239 #2149]  INFO -- : [b6afb7e6-fcf4-452f-ae52-83a1a0504d74] Started GET "/users/sign_in" for 133.106.46.37 at 2024-08-04 18:07:09 +0900
I, [2024-08-04T18:07:09.211044 #2149]  INFO -- : [b6afb7e6-fcf4-452f-ae52-83a1a0504d74] Processing by Devise::SessionsController#new as HTML
I, [2024-08-04T18:07:09.213881 #2149]  INFO -- : [b6afb7e6-fcf4-452f-ae52-83a1a0504d74]   Rendered devise/sessions/new.html.erb within layouts/application (Duration: 1.5ms | Allocations: 935)
I, [2024-08-04T18:07:09.214450 #2149]  INFO -- : [b6afb7e6-fcf4-452f-ae52-83a1a0504d74]   Rendered layout layouts/application.html.erb (Duration: 2.1ms | Allocations: 1233)
I, [2024-08-04T18:07:09.214570 #2149]  INFO -- : [b6afb7e6-fcf4-452f-ae52-83a1a0504d74] Completed 500 Internal Server Error in 3ms (ActiveRecord: 0.0ms | Allocations: 1778)
F, [2024-08-04T18:07:09.215463 #2149] FATAL -- : [b6afb7e6-fcf4-452f-ae52-83a1a0504d74]   
[b6afb7e6-fcf4-452f-ae52-83a1a0504d74] ActionView::Template::Error (The asset "application.css" is not present in the asset pipeline.
):
[b6afb7e6-fcf4-452f-ae52-83a1a0504d74]      6:     <%= csrf_meta_tags %>
[b6afb7e6-fcf4-452f-ae52-83a1a0504d74]      7:     <%= csp_meta_tag %>
[b6afb7e6-fcf4-452f-ae52-83a1a0504d74]      8:     <link rel="stylesheet" type="text/css" href="https://cdnjs.cloudflare.com/ajax/libs/normalize/8.0.1/normalize.css">
[b6afb7e6-fcf4-452f-ae52-83a1a0504d74]      9:     <%= stylesheet_link_tag "application", "data-turbo-track": "reload" %>
[b6afb7e6-fcf4-452f-ae52-83a1a0504d74]     10:     <%= javascript_importmap_tags %>
[b6afb7e6-fcf4-452f-ae52-83a1a0504d74]     11:   </head>
[b6afb7e6-fcf4-452f-ae52-83a1a0504d74]     12: 
[b6afb7e6-fcf4-452f-ae52-83a1a0504d74]   
[b6afb7e6-fcf4-452f-ae52-83a1a0504d74] app/views/layouts/application.html.erb:9
I, [2024-08-04T18:10:50.939521 #2511]  INFO -- : [024fd827-1ec3-484f-91d4-73265400430b] Started GET "/users/sign_in" for 133.106.46.37 at 2024-08-04 18:10:50 +0900
I, [2024-08-04T18:10:50.945968 #2511]  INFO -- : [024fd827-1ec3-484f-91d4-73265400430b] Processing by Devise::SessionsController#new as HTML
I, [2024-08-04T18:10:50.991833 #2511]  INFO -- : [024fd827-1ec3-484f-91d4-73265400430b]   Rendered devise/sessions/new.html.erb within layouts/application (Duration: 9.1ms | Allocations: 3253)
I, [2024-08-04T18:10:50.995363 #2511]  INFO -- : [024fd827-1ec3-484f-91d4-73265400430b]   Rendered layout layouts/application.html.erb (Duration: 12.7ms | Allocations: 6247)
I, [2024-08-04T18:10:50.995880 #2511]  INFO -- : [024fd827-1ec3-484f-91d4-73265400430b] Completed 200 OK in 50ms (Views: 17.4ms | ActiveRecord: 4.9ms | Allocations: 14709)
I, [2024-08-04T18:11:06.111967 #2511]  INFO -- : [7109cffb-1bdb-43c1-8992-929b0cc85636] Started GET "/users/sign_up" for 133.106.46.37 at 2024-08-04 18:11:06 +0900
I, [2024-08-04T18:11:06.113102 #2511]  INFO -- : [7109cffb-1bdb-43c1-8992-929b0cc85636] Processing by Devise::RegistrationsController#new as HTML
I, [2024-08-04T18:11:06.120163 #2511]  INFO -- : [7109cffb-1bdb-43c1-8992-929b0cc85636]   Rendered devise/registrations/new.html.erb within layouts/application (Duration: 4.1ms | Allocations: 2269)
I, [2024-08-04T18:11:06.121039 #2511]  INFO -- : [7109cffb-1bdb-43c1-8992-929b0cc85636]   Rendered layout layouts/application.html.erb (Duration: 5.1ms | Allocations: 3029)
I, [2024-08-04T18:11:06.121300 #2511]  INFO -- : [7109cffb-1bdb-43c1-8992-929b0cc85636] Completed 200 OK in 8ms (Views: 6.9ms | ActiveRecord: 0.0ms | Allocations: 4093)
I, [2024-08-04T18:11:19.535293 #2511]  INFO -- : [ceed113c-786e-4659-b4a6-e159c627fd37] Started POST "/users" for 133.106.46.37 at 2024-08-04 18:11:19 +0900
I, [2024-08-04T18:11:19.536269 #2511]  INFO -- : [ceed113c-786e-4659-b4a6-e159c627fd37] Processing by Devise::RegistrationsController#create as TURBO_STREAM
I, [2024-08-04T18:11:19.536341 #2511]  INFO -- : [ceed113c-786e-4659-b4a6-e159c627fd37]   Parameters: {"authenticity_token"=>"[FILTERED]", "user"=>{"name"=>"HirukawaKoki", "email"=>"kokihiru@aaa", "password"=>"[FILTERED]", "password_confirmation"=>"[FILTERED]"}, "commit"=>"Create Account"}
I, [2024-08-04T18:11:19.793852 #2511]  INFO -- : [ceed113c-786e-4659-b4a6-e159c627fd37] Redirected to http://153.120.65.203/
I, [2024-08-04T18:11:19.793972 #2511]  INFO -- : [ceed113c-786e-4659-b4a6-e159c627fd37] Completed 303 See Other in 258ms (ActiveRecord: 5.1ms | Allocations: 4545)
I, [2024-08-04T18:11:19.966800 #2511]  INFO -- : [fc511863-1137-4af6-a057-051bf5c73e76] Started GET "/" for 133.106.46.37 at 2024-08-04 18:11:19 +0900
I, [2024-08-04T18:11:19.967742 #2511]  INFO -- : [fc511863-1137-4af6-a057-051bf5c73e76] Processing by TasksController#index as TURBO_STREAM
I, [2024-08-04T18:11:19.986117 #2511]  INFO -- : [fc511863-1137-4af6-a057-051bf5c73e76]   Rendered tasks/index.html.erb within layouts/application (Duration: 5.0ms | Allocations: 1636)
I, [2024-08-04T18:11:19.986247 #2511]  INFO -- : [fc511863-1137-4af6-a057-051bf5c73e76]   Rendered layout layouts/application.html.erb (Duration: 5.1ms | Allocations: 1669)
I, [2024-08-04T18:11:19.986423 #2511]  INFO -- : [fc511863-1137-4af6-a057-051bf5c73e76] Completed 500 Internal Server Error in 19ms (ActiveRecord: 5.5ms | Allocations: 6574)
F, [2024-08-04T18:11:19.988131 #2511] FATAL -- : [fc511863-1137-4af6-a057-051bf5c73e76]   
[fc511863-1137-4af6-a057-051bf5c73e76] ActionView::Template::Error (Mysql2::Error: Unknown column 'row_order' in 'order clause'):
[fc511863-1137-4af6-a057-051bf5c73e76]     15:   <div class="main-chat__middle">
[fc511863-1137-4af6-a057-051bf5c73e76]     16:     
[fc511863-1137-4af6-a057-051bf5c73e76]     17:     <ul id="main-chat__task" data-controller="sortable">
[fc511863-1137-4af6-a057-051bf5c73e76]     18:       <%= render partial: 'task', collection: @tasks %>
[fc511863-1137-4af6-a057-051bf5c73e76]     19:     </ul>
[fc511863-1137-4af6-a057-051bf5c73e76]     20:     <ul id="main-chat__archive" data-controller="sortable" style="display:none">
[fc511863-1137-4af6-a057-051bf5c73e76]     21:       <%= render partial: 'archive', collection: @archives %>
[fc511863-1137-4af6-a057-051bf5c73e76]   
[fc511863-1137-4af6-a057-051bf5c73e76] app/views/tasks/_main_chat.html.erb:18
[fc511863-1137-4af6-a057-051bf5c73e76] app/views/tasks/index.html.erb:3
I, [2024-08-04T18:11:30.640999 #2511]  INFO -- : [3ae3823f-7fd1-4602-8fcc-78c6570f508c] Started GET "/users/sign_up" for 133.106.46.37 at 2024-08-04 18:11:30 +0900
I, [2024-08-04T18:11:30.641840 #2511]  INFO -- : [3ae3823f-7fd1-4602-8fcc-78c6570f508c] Processing by Devise::RegistrationsController#new as HTML
I, [2024-08-04T18:11:30.644291 #2511]  INFO -- : [3ae3823f-7fd1-4602-8fcc-78c6570f508c] Redirected to http://153.120.65.203/
I, [2024-08-04T18:11:30.644408 #2511]  INFO -- : [3ae3823f-7fd1-4602-8fcc-78c6570f508c] Filter chain halted as :require_no_authentication rendered or redirected
I, [2024-08-04T18:11:30.644497 #2511]  INFO -- : [3ae3823f-7fd1-4602-8fcc-78c6570f508c] Completed 302 Found in 3ms (ActiveRecord: 0.4ms | Allocations: 605)
I, [2024-08-04T18:11:30.707089 #2511]  INFO -- : [657352de-c742-4ca4-9a00-93ca0e58b381] Started GET "/" for 133.106.46.37 at 2024-08-04 18:11:30 +0900
I, [2024-08-04T18:11:30.707894 #2511]  INFO -- : [657352de-c742-4ca4-9a00-93ca0e58b381] Processing by TasksController#index as HTML
I, [2024-08-04T18:11:30.711771 #2511]  INFO -- : [657352de-c742-4ca4-9a00-93ca0e58b381]   Rendered tasks/index.html.erb within layouts/application (Duration: 1.4ms | Allocations: 457)
I, [2024-08-04T18:11:30.711832 #2511]  INFO -- : [657352de-c742-4ca4-9a00-93ca0e58b381]   Rendered layout layouts/application.html.erb (Duration: 1.4ms | Allocations: 487)
I, [2024-08-04T18:11:30.711935 #2511]  INFO -- : [657352de-c742-4ca4-9a00-93ca0e58b381] Completed 500 Internal Server Error in 4ms (ActiveRecord: 1.0ms | Allocations: 1206)
F, [2024-08-04T18:11:30.713265 #2511] FATAL -- : [657352de-c742-4ca4-9a00-93ca0e58b381]   
[657352de-c742-4ca4-9a00-93ca0e58b381] ActionView::Template::Error (Mysql2::Error: Unknown column 'row_order' in 'order clause'):
[657352de-c742-4ca4-9a00-93ca0e58b381]     15:   <div class="main-chat__middle">
[657352de-c742-4ca4-9a00-93ca0e58b381]     16:     
[657352de-c742-4ca4-9a00-93ca0e58b381]     17:     <ul id="main-chat__task" data-controller="sortable">
[657352de-c742-4ca4-9a00-93ca0e58b381]     18:       <%= render partial: 'task', collection: @tasks %>
[657352de-c742-4ca4-9a00-93ca0e58b381]     19:     </ul>
[657352de-c742-4ca4-9a00-93ca0e58b381]     20:     <ul id="main-chat__archive" data-controller="sortable" style="display:none">
[657352de-c742-4ca4-9a00-93ca0e58b381]     21:       <%= render partial: 'archive', collection: @archives %>
[657352de-c742-4ca4-9a00-93ca0e58b381]   
[657352de-c742-4ca4-9a00-93ca0e58b381] app/views/tasks/_main_chat.html.erb:18
[657352de-c742-4ca4-9a00-93ca0e58b381] app/views/tasks/index.html.erb:3
I, [2024-08-04T18:11:31.373801 #2511]  INFO -- : [2090afa5-c560-489a-a42e-9a47967ec975] Started GET "/" for 133.106.46.37 at 2024-08-04 18:11:31 +0900
I, [2024-08-04T18:11:31.374893 #2511]  INFO -- : [2090afa5-c560-489a-a42e-9a47967ec975] Processing by TasksController#index as HTML
I, [2024-08-04T18:11:31.378626 #2511]  INFO -- : [2090afa5-c560-489a-a42e-9a47967ec975]   Rendered tasks/index.html.erb within layouts/application (Duration: 1.2ms | Allocations: 457)
I, [2024-08-04T18:11:31.378701 #2511]  INFO -- : [2090afa5-c560-489a-a42e-9a47967ec975]   Rendered layout layouts/application.html.erb (Duration: 1.3ms | Allocations: 487)
I, [2024-08-04T18:11:31.378807 #2511]  INFO -- : [2090afa5-c560-489a-a42e-9a47967ec975] Completed 500 Internal Server Error in 4ms (ActiveRecord: 0.9ms | Allocations: 1202)
F, [2024-08-04T18:11:31.379885 #2511] FATAL -- : [2090afa5-c560-489a-a42e-9a47967ec975]   
[2090afa5-c560-489a-a42e-9a47967ec975] ActionView::Template::Error (Mysql2::Error: Unknown column 'row_order' in 'order clause'):
[2090afa5-c560-489a-a42e-9a47967ec975]     15:   <div class="main-chat__middle">
[2090afa5-c560-489a-a42e-9a47967ec975]     16:     
[2090afa5-c560-489a-a42e-9a47967ec975]     17:     <ul id="main-chat__task" data-controller="sortable">
[2090afa5-c560-489a-a42e-9a47967ec975]     18:       <%= render partial: 'task', collection: @tasks %>
[2090afa5-c560-489a-a42e-9a47967ec975]     19:     </ul>
[2090afa5-c560-489a-a42e-9a47967ec975]     20:     <ul id="main-chat__archive" data-controller="sortable" style="display:none">
[2090afa5-c560-489a-a42e-9a47967ec975]     21:       <%= render partial: 'archive', collection: @archives %>
[2090afa5-c560-489a-a42e-9a47967ec975]   
[2090afa5-c560-489a-a42e-9a47967ec975] app/views/tasks/_main_chat.html.erb:18
[2090afa5-c560-489a-a42e-9a47967ec975] app/views/tasks/index.html.erb:3
I, [2024-08-04T18:11:32.157374 #2511]  INFO -- : [258ba055-03cd-4786-8f78-da692da8c352] Started GET "/" for 133.106.46.37 at 2024-08-04 18:11:32 +0900
I, [2024-08-04T18:11:32.158180 #2511]  INFO -- : [258ba055-03cd-4786-8f78-da692da8c352] Processing by TasksController#index as HTML
I, [2024-08-04T18:11:32.161751 #2511]  INFO -- : [258ba055-03cd-4786-8f78-da692da8c352]   Rendered tasks/index.html.erb within layouts/application (Duration: 1.1ms | Allocations: 457)
I, [2024-08-04T18:11:32.161817 #2511]  INFO -- : [258ba055-03cd-4786-8f78-da692da8c352]   Rendered layout layouts/application.html.erb (Duration: 1.2ms | Allocations: 487)
I, [2024-08-04T18:11:32.161932 #2511]  INFO -- : [258ba055-03cd-4786-8f78-da692da8c352] Completed 500 Internal Server Error in 4ms (ActiveRecord: 0.9ms | Allocations: 1202)
F, [2024-08-04T18:11:32.163068 #2511] FATAL -- : [258ba055-03cd-4786-8f78-da692da8c352]   
[258ba055-03cd-4786-8f78-da692da8c352] ActionView::Template::Error (Mysql2::Error: Unknown column 'row_order' in 'order clause'):
[258ba055-03cd-4786-8f78-da692da8c352]     15:   <div class="main-chat__middle">
[258ba055-03cd-4786-8f78-da692da8c352]     16:     
[258ba055-03cd-4786-8f78-da692da8c352]     17:     <ul id="main-chat__task" data-controller="sortable">
[258ba055-03cd-4786-8f78-da692da8c352]     18:       <%= render partial: 'task', collection: @tasks %>
[258ba055-03cd-4786-8f78-da692da8c352]     19:     </ul>
[258ba055-03cd-4786-8f78-da692da8c352]     20:     <ul id="main-chat__archive" data-controller="sortable" style="display:none">
[258ba055-03cd-4786-8f78-da692da8c352]     21:       <%= render partial: 'archive', collection: @archives %>
[258ba055-03cd-4786-8f78-da692da8c352]   
[258ba055-03cd-4786-8f78-da692da8c352] app/views/tasks/_main_chat.html.erb:18
[258ba055-03cd-4786-8f78-da692da8c352] app/views/tasks/index.html.erb:3
I, [2024-08-04T18:11:32.331143 #2511]  INFO -- : [6588e68a-6cbe-4627-ab6b-bbc0e89c6213] Started GET "/" for 133.106.46.37 at 2024-08-04 18:11:32 +0900
I, [2024-08-04T18:11:32.331908 #2511]  INFO -- : [6588e68a-6cbe-4627-ab6b-bbc0e89c6213] Processing by TasksController#index as HTML
I, [2024-08-04T18:11:32.335334 #2511]  INFO -- : [6588e68a-6cbe-4627-ab6b-bbc0e89c6213]   Rendered tasks/index.html.erb within layouts/application (Duration: 1.0ms | Allocations: 457)
I, [2024-08-04T18:11:32.335395 #2511]  INFO -- : [6588e68a-6cbe-4627-ab6b-bbc0e89c6213]   Rendered layout layouts/application.html.erb (Duration: 1.1ms | Allocations: 487)
I, [2024-08-04T18:11:32.335517 #2511]  INFO -- : [6588e68a-6cbe-4627-ab6b-bbc0e89c6213] Completed 500 Internal Server Error in 4ms (ActiveRecord: 0.8ms | Allocations: 1202)
F, [2024-08-04T18:11:32.336799 #2511] FATAL -- : [6588e68a-6cbe-4627-ab6b-bbc0e89c6213]   
[6588e68a-6cbe-4627-ab6b-bbc0e89c6213] ActionView::Template::Error (Mysql2::Error: Unknown column 'row_order' in 'order clause'):
[6588e68a-6cbe-4627-ab6b-bbc0e89c6213]     15:   <div class="main-chat__middle">
[6588e68a-6cbe-4627-ab6b-bbc0e89c6213]     16:     
[6588e68a-6cbe-4627-ab6b-bbc0e89c6213]     17:     <ul id="main-chat__task" data-controller="sortable">
[6588e68a-6cbe-4627-ab6b-bbc0e89c6213]     18:       <%= render partial: 'task', collection: @tasks %>
[6588e68a-6cbe-4627-ab6b-bbc0e89c6213]     19:     </ul>
[6588e68a-6cbe-4627-ab6b-bbc0e89c6213]     20:     <ul id="main-chat__archive" data-controller="sortable" style="display:none">
[6588e68a-6cbe-4627-ab6b-bbc0e89c6213]     21:       <%= render partial: 'archive', collection: @archives %>
[6588e68a-6cbe-4627-ab6b-bbc0e89c6213]   
[6588e68a-6cbe-4627-ab6b-bbc0e89c6213] app/views/tasks/_main_chat.html.erb:18
[6588e68a-6cbe-4627-ab6b-bbc0e89c6213] app/views/tasks/index.html.erb:3
I, [2024-08-04T18:14:34.216613 #2511]  INFO -- : [3717f6de-2eac-4c17-a740-6d2e8ea57480] Started GET "/" for 133.106.46.37 at 2024-08-04 18:14:34 +0900
I, [2024-08-04T18:14:34.217403 #2511]  INFO -- : [3717f6de-2eac-4c17-a740-6d2e8ea57480] Processing by TasksController#index as HTML
I, [2024-08-04T18:14:34.221300 #2511]  INFO -- : [3717f6de-2eac-4c17-a740-6d2e8ea57480]   Rendered tasks/index.html.erb within layouts/application (Duration: 1.3ms | Allocations: 457)
I, [2024-08-04T18:14:34.221424 #2511]  INFO -- : [3717f6de-2eac-4c17-a740-6d2e8ea57480]   Rendered layout layouts/application.html.erb (Duration: 1.4ms | Allocations: 487)
I, [2024-08-04T18:14:34.221563 #2511]  INFO -- : [3717f6de-2eac-4c17-a740-6d2e8ea57480] Completed 500 Internal Server Error in 4ms (ActiveRecord: 1.0ms | Allocations: 1202)
F, [2024-08-04T18:14:34.222766 #2511] FATAL -- : [3717f6de-2eac-4c17-a740-6d2e8ea57480]   
[3717f6de-2eac-4c17-a740-6d2e8ea57480] ActionView::Template::Error (Mysql2::Error: Unknown column 'row_order' in 'order clause'):
[3717f6de-2eac-4c17-a740-6d2e8ea57480]     15:   <div class="main-chat__middle">
[3717f6de-2eac-4c17-a740-6d2e8ea57480]     16:     
[3717f6de-2eac-4c17-a740-6d2e8ea57480]     17:     <ul id="main-chat__task" data-controller="sortable">
[3717f6de-2eac-4c17-a740-6d2e8ea57480]     18:       <%= render partial: 'task', collection: @tasks %>
[3717f6de-2eac-4c17-a740-6d2e8ea57480]     19:     </ul>
[3717f6de-2eac-4c17-a740-6d2e8ea57480]     20:     <ul id="main-chat__archive" data-controller="sortable" style="display:none">
[3717f6de-2eac-4c17-a740-6d2e8ea57480]     21:       <%= render partial: 'archive', collection: @archives %>
[3717f6de-2eac-4c17-a740-6d2e8ea57480]   
[3717f6de-2eac-4c17-a740-6d2e8ea57480] app/views/tasks/_main_chat.html.erb:18
[3717f6de-2eac-4c17-a740-6d2e8ea57480] app/views/tasks/index.html.erb:3
I, [2024-08-04T18:14:34.815356 #2511]  INFO -- : [47d7c166-ca36-4c0c-afcf-81af31c25e5d] Started GET "/" for 133.106.46.37 at 2024-08-04 18:14:34 +0900
I, [2024-08-04T18:14:34.816248 #2511]  INFO -- : [47d7c166-ca36-4c0c-afcf-81af31c25e5d] Processing by TasksController#index as HTML
I, [2024-08-04T18:14:34.819985 #2511]  INFO -- : [47d7c166-ca36-4c0c-afcf-81af31c25e5d]   Rendered tasks/index.html.erb within layouts/application (Duration: 1.1ms | Allocations: 457)
I, [2024-08-04T18:14:34.820085 #2511]  INFO -- : [47d7c166-ca36-4c0c-afcf-81af31c25e5d]   Rendered layout layouts/application.html.erb (Duration: 1.2ms | Allocations: 487)
I, [2024-08-04T18:14:34.820245 #2511]  INFO -- : [47d7c166-ca36-4c0c-afcf-81af31c25e5d] Completed 500 Internal Server Error in 4ms (ActiveRecord: 0.9ms | Allocations: 1202)
F, [2024-08-04T18:14:34.821294 #2511] FATAL -- : [47d7c166-ca36-4c0c-afcf-81af31c25e5d]   
[47d7c166-ca36-4c0c-afcf-81af31c25e5d] ActionView::Template::Error (Mysql2::Error: Unknown column 'row_order' in 'order clause'):
[47d7c166-ca36-4c0c-afcf-81af31c25e5d]     15:   <div class="main-chat__middle">
[47d7c166-ca36-4c0c-afcf-81af31c25e5d]     16:     
[47d7c166-ca36-4c0c-afcf-81af31c25e5d]     17:     <ul id="main-chat__task" data-controller="sortable">
[47d7c166-ca36-4c0c-afcf-81af31c25e5d]     18:       <%= render partial: 'task', collection: @tasks %>
[47d7c166-ca36-4c0c-afcf-81af31c25e5d]     19:     </ul>
[47d7c166-ca36-4c0c-afcf-81af31c25e5d]     20:     <ul id="main-chat__archive" data-controller="sortable" style="display:none">
[47d7c166-ca36-4c0c-afcf-81af31c25e5d]     21:       <%= render partial: 'archive', collection: @archives %>
[47d7c166-ca36-4c0c-afcf-81af31c25e5d]   
[47d7c166-ca36-4c0c-afcf-81af31c25e5d] app/views/tasks/_main_chat.html.erb:18
[47d7c166-ca36-4c0c-afcf-81af31c25e5d] app/views/tasks/index.html.erb:3
I, [2024-08-04T18:16:54.767684 #2511]  INFO -- : [a2ad51eb-6294-47e7-991b-042b81b9c3c3] Started POST "/users/sign_in" for 133.106.46.37 at 2024-08-04 18:16:54 +0900
I, [2024-08-04T18:16:54.768642 #2511]  INFO -- : [a2ad51eb-6294-47e7-991b-042b81b9c3c3] Processing by Devise::SessionsController#create as TURBO_STREAM
I, [2024-08-04T18:16:54.768709 #2511]  INFO -- : [a2ad51eb-6294-47e7-991b-042b81b9c3c3]   Parameters: {"authenticity_token"=>"[FILTERED]", "user"=>{"email"=>"hirukawa@aaa", "password"=>"[FILTERED]"}, "commit"=>"Log in"}
I, [2024-08-04T18:16:54.771009 #2511]  INFO -- : [a2ad51eb-6294-47e7-991b-042b81b9c3c3] Redirected to http://153.120.65.203/
I, [2024-08-04T18:16:54.771080 #2511]  INFO -- : [a2ad51eb-6294-47e7-991b-042b81b9c3c3] Filter chain halted as :require_no_authentication rendered or redirected
I, [2024-08-04T18:16:54.771150 #2511]  INFO -- : [a2ad51eb-6294-47e7-991b-042b81b9c3c3] Completed 302 Found in 2ms (ActiveRecord: 0.4ms | Allocations: 604)
I, [2024-08-04T18:16:54.850120 #2511]  INFO -- : [5f7433e0-2873-408f-a324-37dc505725ee] Started GET "/" for 133.106.46.37 at 2024-08-04 18:16:54 +0900
I, [2024-08-04T18:16:54.850923 #2511]  INFO -- : [5f7433e0-2873-408f-a324-37dc505725ee] Processing by TasksController#index as TURBO_STREAM
I, [2024-08-04T18:16:54.854572 #2511]  INFO -- : [5f7433e0-2873-408f-a324-37dc505725ee]   Rendered tasks/index.html.erb within layouts/application (Duration: 1.1ms | Allocations: 460)
I, [2024-08-04T18:16:54.854633 #2511]  INFO -- : [5f7433e0-2873-408f-a324-37dc505725ee]   Rendered layout layouts/application.html.erb (Duration: 1.2ms | Allocations: 490)
I, [2024-08-04T18:16:54.854734 #2511]  INFO -- : [5f7433e0-2873-408f-a324-37dc505725ee] Completed 500 Internal Server Error in 4ms (ActiveRecord: 0.9ms | Allocations: 1247)
F, [2024-08-04T18:16:54.855809 #2511] FATAL -- : [5f7433e0-2873-408f-a324-37dc505725ee]   
[5f7433e0-2873-408f-a324-37dc505725ee] ActionView::Template::Error (Mysql2::Error: Unknown column 'row_order' in 'order clause'):
[5f7433e0-2873-408f-a324-37dc505725ee]     15:   <div class="main-chat__middle">
[5f7433e0-2873-408f-a324-37dc505725ee]     16:     
[5f7433e0-2873-408f-a324-37dc505725ee]     17:     <ul id="main-chat__task" data-controller="sortable">
[5f7433e0-2873-408f-a324-37dc505725ee]     18:       <%= render partial: 'task', collection: @tasks %>
[5f7433e0-2873-408f-a324-37dc505725ee]     19:     </ul>
[5f7433e0-2873-408f-a324-37dc505725ee]     20:     <ul id="main-chat__archive" data-controller="sortable" style="display:none">
[5f7433e0-2873-408f-a324-37dc505725ee]     21:       <%= render partial: 'archive', collection: @archives %>
[5f7433e0-2873-408f-a324-37dc505725ee]   
[5f7433e0-2873-408f-a324-37dc505725ee] app/views/tasks/_main_chat.html.erb:18
[5f7433e0-2873-408f-a324-37dc505725ee] app/views/tasks/index.html.erb:3
I, [2024-08-04T18:18:45.845853 #2511]  INFO -- : [dffbaec8-9134-4f66-8f72-97e4d5c52fca] Started GET "/users/sign_in" for 133.106.46.37 at 2024-08-04 18:18:45 +0900
I, [2024-08-04T18:18:45.846724 #2511]  INFO -- : [dffbaec8-9134-4f66-8f72-97e4d5c52fca] Processing by Devise::SessionsController#new as HTML
I, [2024-08-04T18:18:45.848891 #2511]  INFO -- : [dffbaec8-9134-4f66-8f72-97e4d5c52fca] Redirected to http://153.120.65.203/
I, [2024-08-04T18:18:45.848969 #2511]  INFO -- : [dffbaec8-9134-4f66-8f72-97e4d5c52fca] Filter chain halted as :require_no_authentication rendered or redirected
I, [2024-08-04T18:18:45.849071 #2511]  INFO -- : [dffbaec8-9134-4f66-8f72-97e4d5c52fca] Completed 302 Found in 2ms (ActiveRecord: 0.4ms | Allocations: 610)
I, [2024-08-04T18:18:45.928599 #2511]  INFO -- : [51fff932-dc35-4e3d-8603-4571cfd615c4] Started GET "/" for 133.106.46.37 at 2024-08-04 18:18:45 +0900
I, [2024-08-04T18:18:45.929338 #2511]  INFO -- : [51fff932-dc35-4e3d-8603-4571cfd615c4] Processing by TasksController#index as HTML
I, [2024-08-04T18:18:45.932916 #2511]  INFO -- : [51fff932-dc35-4e3d-8603-4571cfd615c4]   Rendered tasks/index.html.erb within layouts/application (Duration: 1.0ms | Allocations: 457)
I, [2024-08-04T18:18:45.932992 #2511]  INFO -- : [51fff932-dc35-4e3d-8603-4571cfd615c4]   Rendered layout layouts/application.html.erb (Duration: 1.2ms | Allocations: 487)
I, [2024-08-04T18:18:45.933099 #2511]  INFO -- : [51fff932-dc35-4e3d-8603-4571cfd615c4] Completed 500 Internal Server Error in 4ms (ActiveRecord: 0.8ms | Allocations: 1208)
F, [2024-08-04T18:18:45.934055 #2511] FATAL -- : [51fff932-dc35-4e3d-8603-4571cfd615c4]   
[51fff932-dc35-4e3d-8603-4571cfd615c4] ActionView::Template::Error (Mysql2::Error: Unknown column 'row_order' in 'order clause'):
[51fff932-dc35-4e3d-8603-4571cfd615c4]     15:   <div class="main-chat__middle">
[51fff932-dc35-4e3d-8603-4571cfd615c4]     16:     
[51fff932-dc35-4e3d-8603-4571cfd615c4]     17:     <ul id="main-chat__task" data-controller="sortable">
[51fff932-dc35-4e3d-8603-4571cfd615c4]     18:       <%= render partial: 'task', collection: @tasks %>
[51fff932-dc35-4e3d-8603-4571cfd615c4]     19:     </ul>
[51fff932-dc35-4e3d-8603-4571cfd615c4]     20:     <ul id="main-chat__archive" data-controller="sortable" style="display:none">
[51fff932-dc35-4e3d-8603-4571cfd615c4]     21:       <%= render partial: 'archive', collection: @archives %>
[51fff932-dc35-4e3d-8603-4571cfd615c4]   
[51fff932-dc35-4e3d-8603-4571cfd615c4] app/views/tasks/_main_chat.html.erb:18
[51fff932-dc35-4e3d-8603-4571cfd615c4] app/views/tasks/index.html.erb:3
